<?xml version="1.0" encoding="UTF-8"?>
<!-- Generated by org.testng.reporters.JUnitXMLReporter -->
<testsuite hostname="SUNWENJUAN" name="case01 登录163邮箱" tests="3" failures="0" timestamp="20 Dec 2016 07:31:50 GMT" time="12.92" errors="0">
  <testcase name="assertLoginButton" time="0.313" classname="com.mail.My163mailTest.TestLoginMail"/>
  <testcase name="login" time="0.47" classname="com.mail.My163mailTest.TestLoginMail"/>
  <testcase name="logout" time="2.254" classname="com.mail.My163mailTest.TestLoginMail"/>
</testsuite> <!-- case01 登录163邮箱 -->
