<?xml version="1.0" encoding="UTF-8"?>
<!-- Generated by org.testng.reporters.JUnitXMLReporter -->
<testsuite hostname="SUNWENJUAN" name="case02 发送邮件" tests="3" failures="0" timestamp="20 Dec 2016 07:31:58 GMT" time="7.489" errors="0">
  <testcase name="assertLoginButton" time="0.246" classname="com.mail.My163mailTest.TestIndexPage"/>
  <testcase name="login" time="0.433" classname="com.mail.My163mailTest.TestIndexPage"/>
  <testcase name="writeMessage" time="3.594" classname="com.mail.My163mailTest.TestIndexPage"/>
</testsuite> <!-- case02 发送邮件 -->
