<?xml version="1.0" encoding="UTF-8"?>
<!-- Generated by org.testng.reporters.JUnitXMLReporter -->
<testsuite hostname="SUNWENJUAN" name="Default test" tests="3" failures="0" timestamp="9 Dec 2016 10:12:27 GMT" time="10.064" errors="0">
  <testcase name="assertLoginButton" time="0.212" classname="com.mail.My163mailTest.TestIndexPage"/>
  <testcase name="login" time="0.267" classname="com.mail.My163mailTest.TestIndexPage"/>
  <testcase name="writeMessage" time="3.064" classname="com.mail.My163mailTest.TestIndexPage"/>
</testsuite> <!-- Default test -->
