<?xml version="1.0" encoding="UTF-8"?>
<testng-results skipped="0" failed="0" total="6" passed="6">
  <reporter-output>
  </reporter-output>
  <suite name="Suite" duration-ms="22121" started-at="2016-12-12T07:51:27Z" finished-at="2016-12-12T07:51:49Z">
    <groups>
    </groups>
    <test name="case01 登录163邮箱" duration-ms="14205" started-at="2016-12-12T07:51:27Z" finished-at="2016-12-12T07:51:41Z">
      <class name="com.mail.My163mailTest.TestLoginMail">
        <test-method status="PASS" signature="setUp()[pri:0, instance:com.mail.My163mailTest.TestLoginMail@612fc6eb]" name="setUp" is-config="true" duration-ms="10415" started-at="2016-12-12T15:51:27Z" finished-at="2016-12-12T15:51:37Z">
          <reporter-output>
          </reporter-output>
        </test-method> <!-- setUp -->
        <test-method status="PASS" signature="assertLoginButton()[pri:0, instance:com.mail.My163mailTest.TestLoginMail@612fc6eb]" name="assertLoginButton" duration-ms="203" started-at="2016-12-12T15:51:37Z" finished-at="2016-12-12T15:51:37Z">
          <reporter-output>
          </reporter-output>
        </test-method> <!-- assertLoginButton -->
        <test-method status="PASS" signature="login()[pri:0, instance:com.mail.My163mailTest.TestLoginMail@612fc6eb]" name="login" duration-ms="214" started-at="2016-12-12T15:51:37Z" depends-on-methods="com.mail.My163mailTest.TestLoginMail.assertLoginButton" finished-at="2016-12-12T15:51:38Z">
          <reporter-output>
          </reporter-output>
        </test-method> <!-- login -->
        <test-method status="PASS" signature="logout()[pri:0, instance:com.mail.My163mailTest.TestLoginMail@612fc6eb]" name="logout" duration-ms="2326" started-at="2016-12-12T15:51:38Z" depends-on-methods="com.mail.My163mailTest.TestLoginMail.login" finished-at="2016-12-12T15:51:40Z">
          <reporter-output>
          </reporter-output>
        </test-method> <!-- logout -->
        <test-method status="PASS" signature="tearDown()[pri:0, instance:com.mail.My163mailTest.TestLoginMail@612fc6eb]" name="tearDown" is-config="true" duration-ms="1034" started-at="2016-12-12T15:51:40Z" finished-at="2016-12-12T15:51:41Z">
          <reporter-output>
          </reporter-output>
        </test-method> <!-- tearDown -->
      </class> <!-- com.mail.My163mailTest.TestLoginMail -->
    </test> <!-- case01 登录163邮箱 -->
    <test name="case02 发送邮件" duration-ms="7859" started-at="2016-12-12T07:51:41Z" finished-at="2016-12-12T07:51:49Z">
      <class name="com.mail.My163mailTest.TestIndexPage">
        <test-method status="PASS" signature="setUp()[pri:0, instance:com.mail.My163mailTest.TestIndexPage@c81cdd1]" name="setUp" is-config="true" duration-ms="2857" started-at="2016-12-12T15:51:41Z" finished-at="2016-12-12T15:51:44Z">
          <reporter-output>
          </reporter-output>
        </test-method> <!-- setUp -->
        <test-method status="PASS" signature="assertLoginButton()[pri:0, instance:com.mail.My163mailTest.TestIndexPage@c81cdd1]" name="assertLoginButton" duration-ms="158" started-at="2016-12-12T15:51:44Z" finished-at="2016-12-12T15:51:44Z">
          <reporter-output>
          </reporter-output>
        </test-method> <!-- assertLoginButton -->
        <test-method status="PASS" signature="login()[pri:0, instance:com.mail.My163mailTest.TestIndexPage@c81cdd1]" name="login" duration-ms="186" started-at="2016-12-12T15:51:44Z" depends-on-methods="com.mail.My163mailTest.TestIndexPage.assertLoginButton" finished-at="2016-12-12T15:51:44Z">
          <reporter-output>
          </reporter-output>
        </test-method> <!-- login -->
        <test-method status="PASS" signature="writeMessage()[pri:0, instance:com.mail.My163mailTest.TestIndexPage@c81cdd1]" name="writeMessage" duration-ms="4655" started-at="2016-12-12T15:51:44Z" depends-on-methods="com.mail.My163mailTest.TestIndexPage.login" finished-at="2016-12-12T15:51:49Z">
          <reporter-output>
          </reporter-output>
        </test-method> <!-- writeMessage -->
        <test-method status="PASS" signature="tearDown()[pri:0, instance:com.mail.My163mailTest.TestIndexPage@c81cdd1]" name="tearDown" is-config="true" duration-ms="0" started-at="2016-12-12T15:51:49Z" finished-at="2016-12-12T15:51:49Z">
          <reporter-output>
          </reporter-output>
        </test-method> <!-- tearDown -->
      </class> <!-- com.mail.My163mailTest.TestIndexPage -->
    </test> <!-- case02 发送邮件 -->
  </suite> <!-- Suite -->
</testng-results>
