<?xml version="1.0" encoding="UTF-8"?>
<!-- Generated by org.testng.reporters.JUnitXMLReporter -->
<testsuite hostname="SUNWENJUAN" name="Default test" tests="1" failures="1" timestamp="16 Dec 2016 02:59:09 GMT" time="157.164" errors="0">
  <testcase name="test1CreateKey" time="14.459" classname="com.sogou.bizqa.seleniumxuri.scenario.TestSceneKey">
    <failure type="org.openqa.selenium.TimeoutException" message="Timed out after 10 seconds waiting for com.sogou.test.element.Wait$4@78de58ea
Build info: version: &amp;apos;2.25.0&amp;apos;, revision: &amp;apos;17482&amp;apos;, time: &amp;apos;2012-07-18 21:08:56&amp;apos;
System info: os.name: &amp;apos;Windows 7&amp;apos;, os.arch: &amp;apos;amd64&amp;apos;, os.version: &amp;apos;6.1&amp;apos;, java.version: &amp;apos;1.8.0_101&amp;apos;
Driver info: driver.version: unknown">
      <![CDATA[org.openqa.selenium.TimeoutException: Timed out after 10 seconds waiting for com.sogou.test.element.Wait$4@78de58ea
Build info: version: '2.25.0', revision: '17482', time: '2012-07-18 21:08:56'
System info: os.name: 'Windows 7', os.arch: 'amd64', os.version: '6.1', java.version: '1.8.0_101'
Driver info: driver.version: unknown
	at org.openqa.selenium.support.ui.FluentWait.timeoutException(FluentWait.java:255)
	at org.openqa.selenium.support.ui.FluentWait.timeoutException(FluentWait.java:270)
	at org.openqa.selenium.support.ui.FluentWait.until(FluentWait.java:222)
	at com.sogou.test.element.Wait.waitKeyTableNotVisibility(Wait.java:204)
	at com.sogou.bizqa.seleniumxuri.page.KeyPage.<init>(KeyPage.java:45)
	at com.sogou.bizqa.seleniumxuri.action.CommonKey.createKey(CommonKey.java:83)
	at com.sogou.bizqa.seleniumxuri.scenario.TestSceneKey.test1CreateKey(TestSceneKey.java:50)
	at sun.reflect.NativeMethodAccessorImpl.invoke0(Native Method)
	at sun.reflect.NativeMethodAccessorImpl.invoke(NativeMethodAccessorImpl.java:62)
	at sun.reflect.DelegatingMethodAccessorImpl.invoke(DelegatingMethodAccessorImpl.java:43)
	at java.lang.reflect.Method.invoke(Method.java:498)
	at org.testng.internal.MethodInvocationHelper.invokeMethod(MethodInvocationHelper.java:80)
	at org.testng.internal.Invoker.invokeMethod(Invoker.java:691)
	at org.testng.internal.Invoker.invokeTestMethod(Invoker.java:883)
	at org.testng.internal.Invoker.invokeTestMethods(Invoker.java:1208)
	at org.testng.internal.TestMethodWorker.invokeTestMethods(TestMethodWorker.java:127)
	at org.testng.internal.TestMethodWorker.run(TestMethodWorker.java:111)
	at org.testng.TestRunner.privateRun(TestRunner.java:758)
	at org.testng.TestRunner.run(TestRunner.java:613)
	at org.testng.SuiteRunner.runTest(SuiteRunner.java:334)
	at org.testng.SuiteRunner.runSequentially(SuiteRunner.java:329)
	at org.testng.SuiteRunner.privateRun(SuiteRunner.java:291)
	at org.testng.SuiteRunner.run(SuiteRunner.java:240)
	at org.testng.SuiteRunnerWorker.runSuite(SuiteRunnerWorker.java:53)
	at org.testng.SuiteRunnerWorker.run(SuiteRunnerWorker.java:87)
	at org.testng.TestNG.runSuitesSequentially(TestNG.java:1137)
	at org.testng.TestNG.runSuitesLocally(TestNG.java:1062)
	at org.testng.TestNG.run(TestNG.java:974)
	at org.testng.remote.AbstractRemoteTestNG.run(AbstractRemoteTestNG.java:132)
	at org.testng.remote.RemoteTestNG.initAndRun(RemoteTestNG.java:236)
	at org.testng.remote.RemoteTestNG.main(RemoteTestNG.java:81)
]]>
    </failure>
  </testcase>
</testsuite>
