<?xml version="1.0" encoding="UTF-8"?>
<!-- Generated by org.testng.reporters.JUnitXMLReporter -->
<testsuite hostname="SUNWENJUAN" name="TestAtFirefox" tests="2" failures="1" timestamp="12 Dec 2016 09:04:49 GMT" time="14.881" errors="0">
  <testcase name="testLogin1" time="5.228" classname="com.sogou.bizqa.seleniumxuri.scenario.TestSceneLogin">
    <failure type="junit.framework.AssertionFailedError" message="login failed">
      <![CDATA[junit.framework.AssertionFailedError: login failed
	at junit.framework.Assert.fail(Assert.java:47)
	at junit.framework.Assert.assertTrue(Assert.java:20)
	at com.sogou.bizqa.seleniumxuri.action.CommonLogin.login(CommonLogin.java:33)
	at com.sogou.bizqa.seleniumxuri.scenario.TestSceneLogin.testLogin1(TestSceneLogin.java:50)
... Removed 24 stack frames]]>
    </failure>
  </testcase>
  <testcase name="testLogin2" time="8.6" classname="com.sogou.bizqa.seleniumxuri.scenario.TestSceneLogin"/>
</testsuite>
