<?xml version="1.0" encoding="UTF-8"?>
<testng-results skipped="0" failed="1" total="1" passed="0">
  <reporter-output>
  </reporter-output>
  <suite name="Default suite" duration-ms="157164" started-at="2016-12-16T10:56:32Z" finished-at="2016-12-16T10:59:09Z">
    <groups>
    </groups>
    <test name="Default test" duration-ms="157164" started-at="2016-12-16T10:56:32Z" finished-at="2016-12-16T10:59:09Z">
      <class name="com.sogou.bizqa.seleniumxuri.scenario.TestSceneKey">
        <test-method status="PASS" signature="beforeTest()[pri:0, instance:com.sogou.bizqa.seleniumxuri.scenario.TestSceneKey@192d74fb]" name="beforeTest" is-config="true" duration-ms="8" started-at="2016-12-16T10:56:32Z" finished-at="2016-12-16T10:56:32Z">
        </test-method>
        <test-method status="PASS" signature="beforeClass()[pri:0, instance:com.sogou.bizqa.seleniumxuri.scenario.TestSceneKey@192d74fb]" name="beforeClass" is-config="true" duration-ms="141648" started-at="2016-12-16T10:56:32Z" finished-at="2016-12-16T10:58:54Z">
        </test-method>
        <test-method status="FAIL" signature="test1CreateKey()[pri:0, instance:com.sogou.bizqa.seleniumxuri.scenario.TestSceneKey@192d74fb]" name="test1CreateKey" duration-ms="14459" started-at="2016-12-16T10:58:54Z" finished-at="2016-12-16T10:59:08Z">
          <exception class="org.openqa.selenium.TimeoutException">
            <message>
              <![CDATA[Timed out after 10 seconds waiting for com.sogou.test.element.Wait$4@78de58ea
Build info: version: '2.25.0', revision: '17482', time: '2012-07-18 21:08:56'
System info: os.name: 'Windows 7', os.arch: 'amd64', os.version: '6.1', java.version: '1.8.0_101'
Driver info: driver.version: unknown]]>
            </message>
            <full-stacktrace>
              <![CDATA[org.openqa.selenium.TimeoutException: Timed out after 10 seconds waiting for com.sogou.test.element.Wait$4@78de58ea
Build info: version: '2.25.0', revision: '17482', time: '2012-07-18 21:08:56'
System info: os.name: 'Windows 7', os.arch: 'amd64', os.version: '6.1', java.version: '1.8.0_101'
Driver info: driver.version: unknown
	at org.openqa.selenium.support.ui.FluentWait.timeoutException(FluentWait.java:255)
	at org.openqa.selenium.support.ui.FluentWait.timeoutException(FluentWait.java:270)
	at org.openqa.selenium.support.ui.FluentWait.until(FluentWait.java:222)
	at com.sogou.test.element.Wait.waitKeyTableNotVisibility(Wait.java:204)
	at com.sogou.bizqa.seleniumxuri.page.KeyPage.<init>(KeyPage.java:45)
	at com.sogou.bizqa.seleniumxuri.action.CommonKey.createKey(CommonKey.java:83)
	at com.sogou.bizqa.seleniumxuri.scenario.TestSceneKey.test1CreateKey(TestSceneKey.java:50)
	at sun.reflect.NativeMethodAccessorImpl.invoke0(Native Method)
	at sun.reflect.NativeMethodAccessorImpl.invoke(NativeMethodAccessorImpl.java:62)
	at sun.reflect.DelegatingMethodAccessorImpl.invoke(DelegatingMethodAccessorImpl.java:43)
	at java.lang.reflect.Method.invoke(Method.java:498)
	at org.testng.internal.MethodInvocationHelper.invokeMethod(MethodInvocationHelper.java:80)
	at org.testng.internal.Invoker.invokeMethod(Invoker.java:691)
	at org.testng.internal.Invoker.invokeTestMethod(Invoker.java:883)
	at org.testng.internal.Invoker.invokeTestMethods(Invoker.java:1208)
	at org.testng.internal.TestMethodWorker.invokeTestMethods(TestMethodWorker.java:127)
	at org.testng.internal.TestMethodWorker.run(TestMethodWorker.java:111)
	at org.testng.TestRunner.privateRun(TestRunner.java:758)
	at org.testng.TestRunner.run(TestRunner.java:613)
	at org.testng.SuiteRunner.runTest(SuiteRunner.java:334)
	at org.testng.SuiteRunner.runSequentially(SuiteRunner.java:329)
	at org.testng.SuiteRunner.privateRun(SuiteRunner.java:291)
	at org.testng.SuiteRunner.run(SuiteRunner.java:240)
	at org.testng.SuiteRunnerWorker.runSuite(SuiteRunnerWorker.java:53)
	at org.testng.SuiteRunnerWorker.run(SuiteRunnerWorker.java:87)
	at org.testng.TestNG.runSuitesSequentially(TestNG.java:1137)
	at org.testng.TestNG.runSuitesLocally(TestNG.java:1062)
	at org.testng.TestNG.run(TestNG.java:974)
	at org.testng.remote.AbstractRemoteTestNG.run(AbstractRemoteTestNG.java:132)
	at org.testng.remote.RemoteTestNG.initAndRun(RemoteTestNG.java:236)
	at org.testng.remote.RemoteTestNG.main(RemoteTestNG.java:81)
]]>
            </full-stacktrace>
          </exception>
        </test-method>
        <test-method status="PASS" signature="afterClass()[pri:0, instance:com.sogou.bizqa.seleniumxuri.scenario.TestSceneKey@192d74fb]" name="afterClass" is-config="true" duration-ms="0" started-at="2016-12-16T10:59:08Z" finished-at="2016-12-16T10:59:08Z">
        </test-method>
        <test-method status="PASS" signature="afterTest()[pri:0, instance:com.sogou.bizqa.seleniumxuri.scenario.TestSceneKey@192d74fb]" name="afterTest" is-config="true" duration-ms="1034" started-at="2016-12-16T10:59:08Z" finished-at="2016-12-16T10:59:09Z">
        </test-method>
      </class>
    </test>
  </suite>
</testng-results>
