<?xml version="1.0" encoding="UTF-8"?>
<testsuite name="case01 登录163邮箱"
           tests="3"
           failures="0"
           errors="0"
           skipped="0"
           time="3.037">
  <properties />
  
  
            <testcase name="login" time="0.470" classname="com.mail.My163mailTest.TestLoginMail" />
                <testcase name="logout" time="2.254" classname="com.mail.My163mailTest.TestLoginMail" />
                <testcase name="assertLoginButton" time="0.313" classname="com.mail.My163mailTest.TestLoginMail" />
      
</testsuite>
